Login attempt started at 2025-12-12 01:58:21

[01:58:21] Step 1: Script start.
[01:58:21] Step 2: Including config.php...
[03:58:21] Step 2: SUCCESS.
[03:58:21] Step 3: Including Middleware.php...
[03:58:21] Step 3: SUCCESS.
[03:58:21] Step 4: Including Database.php...
[03:58:21] Step 4: SUCCESS.
[03:58:21] Step 5: Including JWT.php...
[03:58:21] Step 5: SUCCESS.
[03:58:21] Step 6: Including Auth.php...
[03:58:21] Step 6: SUCCESS.
[03:58:21] Step 7: Running Middleware::cors()...
[03:58:21] Step 7: SUCCESS.
[03:58:21] Step 8: Checking request method...
[03:58:21] Step 8: SUCCESS - Request method is POST.
[03:58:21] Step 9: Getting JSON input...
[03:58:21] Step 9: SUCCESS - Input data retrieved: {"username":"admin","password":"admin123","company_id":""}
[03:58:21] Step 10: Validating input...
[03:58:21] Step 10: SUCCESS - Validation passed.
[03:58:21] Step 11: Entering main TRY block to call Auth::login...
[03:58:21] Step 12: Calling Auth::login('admin', '[PASSWORD HIDDEN]', null)...
[03:58:21] Step 12: SUCCESS - Auth::login returned: {"success":true,"message":"\u062a\u0645 \u062a\u0633\u062c\u064a\u0644 \u0627\u0644\u062f\u062e\u0648\u0644 \u0628\u0646\u062c\u0627\u062d","data":{"user":{"id":1,"username":"admin","email":"admin@system.com","full_name":"\u0645\u062f\u064a\u0631 \u0627\u0644\u0646\u0638\u0627\u0645","phone":null,"avatar":null,"role_id":1,"is_active":1,"theme":"dark","language":"ar","last_login":"2025-12-12 03:52:50","last_login_ip":"::1","created_at":"2025-12-12 02:26:59","role_name":"super_admin","role_name_ar":"\u0645\u062f\u064a\u0631 \u0627\u0644\u0646\u0638\u0627\u0645"},"company":{"id":1,"name":"\u0634\u0631\u0643\u062a\u064a \u0627\u0644\u0623\u0648\u0644\u0649","name_en":"My First Company","logo":null,"address":null,"phone":null,"email":null,"tax_number":null,"commercial_registry":null,"currency":"SAR","currency_symbol":"\u0631.\u0633","tax_rate":"15.00","status":"active","created_at":"2025-12-12 02:26:59","is_default":1},"companies":[{"id":1,"name":"\u0634\u0631\u0643\u062a\u064a \u0627\u0644\u0623\u0648\u0644\u0649","name_en":"My First Company","logo":null,"address":null,"phone":null,"email":null,"tax_number":null,"commercial_registry":null,"currency":"SAR","currency_symbol":"\u0631.\u0633","tax_rate":"15.00","status":"active","created_at":"2025-12-12 02:26:59","is_default":1}],"token":"eyJ0eXAiOiJKV1QiLCJhbGciOiJIUzI1NiJ9.eyJ1c2VyX2lkIjoxLCJ1c2VybmFtZSI6ImFkbWluIiwicm9sZSI6InN1cGVyX2FkbWluIiwiY29tcGFueV9pZCI6MSwiaWF0IjoxNzY1NTAxMTAxLCJleHAiOjE3NjU1ODc1MDF9.c4FS9yVxRBGG8UaSH7KNivTyx_h9dyj431HTorXx7hs","refresh_token":"42495383ce4243fd5a047f27a36e610fffd788f564d9122db16a7754e21dd146","expires_in":86400}}
[03:58:21] Step 13: Login was successful, sending success JSON...
